# JRE version: OpenJDK Runtime Environment (8.0_151-b12) (build 1.8.0_151-8u151-b12-0ubuntu0.16.04.2-b12)
# Java VM: OpenJDK 64-Bit Server VM (25.151-b12 mixed mode linux-amd64 compressed oops)
Heap:
 PSYoungGen      total 27648K, used 19575K [0x00000000d7200000, 0x00000000d9200000, 0x0000000100000000)
  eden space 23552K, 80% used [0x00000000d7200000,0x00000000d8476b10,0x00000000d8900000)
  from space 4096K, 16% used [0x00000000d8900000,0x00000000d89a7190,0x00000000d8d00000)
  to   space 4608K, 0% used [0x00000000d8d80000,0x00000000d8d80000,0x00000000d9200000)
 ParOldGen       total 84992K, used 13173K [0x0000000085600000, 0x000000008a900000, 0x00000000d7200000)
  object space 84992K, 15% used [0x0000000085600000,0x00000000862dd640,0x000000008a900000)
 Metaspace       used 10643K, capacity 10825K, committed 11136K, reserved 1058816K
  class space    used 970K, capacity 1035K, committed 1152K, reserved 1048576K
GC Heap History (10 events):
Event: 65,132 GC heap before
{Heap before GC invocations=69 (full 0):
 PSYoungGen      total 27648K, used 27194K [0x00000000d7200000, 0x00000000d9100000, 0x0000000100000000)
  eden space 23552K, 100% used [0x00000000d7200000,0x00000000d8900000,0x00000000d8900000)
  from space 4096K, 88% used [0x00000000d8d00000,0x00000000d908eb70,0x00000000d9100000)
  to   space 4096K, 0% used [0x00000000d8900000,0x00000000d8900000,0x00000000d8d00000)
 ParOldGen       total 84992K, used 12941K [0x0000000085600000, 0x000000008a900000, 0x00000000d7200000)
  object space 84992K, 15% used [0x0000000085600000,0x00000000862a3790,0x000000008a900000)
 Metaspace       used 10166K, capacity 10313K, committed 10496K, reserved 1058816K
  class space    used 923K, capacity 971K, committed 1024K, reserved 1048576K
Event: 65,135 GC heap after
Heap after GC invocations=69 (full 0):
 PSYoungGen      total 27648K, used 3664K [0x00000000d7200000, 0x00000000d9100000, 0x0000000100000000)
  eden space 23552K, 0% used [0x00000000d7200000,0x00000000d7200000,0x00000000d8900000)
  from space 4096K, 89% used [0x00000000d8900000,0x00000000d8c94078,0x00000000d8d00000)
  to   space 4096K, 0% used [0x00000000d8d00000,0x00000000d8d00000,0x00000000d9100000)
 ParOldGen       total 84992K, used 12987K [0x0000000085600000, 0x000000008a900000, 0x00000000d7200000)
  object space 84992K, 15% used [0x0000000085600000,0x00000000862aecd8,0x000000008a900000)
 Metaspace       used 10166K, capacity 10313K, committed 10496K, reserved 1058816K
  class space    used 923K, capacity 971K, committed 1024K, reserved 1048576K
}
Event: 66,015 GC heap before
{Heap before GC invocations=70 (full 0):
 PSYoungGen      total 27648K, used 27216K [0x00000000d7200000, 0x00000000d9100000, 0x0000000100000000)
  eden space 23552K, 100% used [0x00000000d7200000,0x00000000d8900000,0x00000000d8900000)
  from space 4096K, 89% used [0x00000000d8900000,0x00000000d8c94078,0x00000000d8d00000)
  to   space 4096K, 0% used [0x00000000d8d00000,0x00000000d8d00000,0x00000000d9100000)
 ParOldGen       total 84992K, used 12987K [0x0000000085600000, 0x000000008a900000, 0x00000000d7200000)
  object space 84992K, 15% used [0x0000000085600000,0x00000000862aecd8,0x000000008a900000)
 Metaspace       used 10166K, capacity 10313K, committed 10496K, reserved 1058816K
  class space    used 923K, capacity 971K, committed 1024K, reserved 1048576K
Event: 66,018 GC heap after
Heap after GC invocations=70 (full 0):
 PSYoungGen      total 27648K, used 3653K [0x00000000d7200000, 0x00000000d9100000, 0x0000000100000000)
  eden space 23552K, 0% used [0x00000000d7200000,0x00000000d7200000,0x00000000d8900000)
  from space 4096K, 89% used [0x00000000d8d00000,0x00000000d9091628,0x00000000d9100000)
  to   space 4096K, 0% used [0x00000000d8900000,0x00000000d8900000,0x00000000d8d00000)
 ParOldGen       total 84992K, used 13053K [0x0000000085600000, 0x000000008a900000, 0x00000000d7200000)
  object space 84992K, 15% used [0x0000000085600000,0x00000000862bf728,0x000000008a900000)
 Metaspace       used 10166K, capacity 10313K, committed 10496K, reserved 1058816K
  class space    used 923K, capacity 971K, committed 1024K, reserved 1048576K
}
Event: 66,914 GC heap before
{Heap before GC invocations=71 (full 0):
 PSYoungGen      total 27648K, used 27205K [0x00000000d7200000, 0x00000000d9100000, 0x0000000100000000)
  eden space 23552K, 100% used [0x00000000d7200000,0x00000000d8900000,0x00000000d8900000)
  from space 4096K, 89% used [0x00000000d8d00000,0x00000000d9091628,0x00000000d9100000)
  to   space 4096K, 0% used [0x00000000d8900000,0x00000000d8900000,0x00000000d8d00000)
 ParOldGen       total 84992K, used 13053K [0x0000000085600000, 0x000000008a900000, 0x00000000d7200000)
  object space 84992K, 15% used [0x0000000085600000,0x00000000862bf728,0x000000008a900000)
 Metaspace       used 10166K, capacity 10313K, committed 10496K, reserved 1058816K
  class space    used 923K, capacity 971K, committed 1024K, reserved 1048576K
Event: 66,917 GC heap after
Heap after GC invocations=71 (full 0):
 PSYoungGen      total 27648K, used 3707K [0x00000000d7200000, 0x00000000d9100000, 0x0000000100000000)
  eden space 23552K, 0% used [0x00000000d7200000,0x00000000d7200000,0x00000000d8900000)
  from space 4096K, 90% used [0x00000000d8900000,0x00000000d8c9ec30,0x00000000d8d00000)
  to   space 4096K, 0% used [0x00000000d8d00000,0x00000000d8d00000,0x00000000d9100000)
 ParOldGen       total 84992K, used 13099K [0x0000000085600000, 0x000000008a900000, 0x00000000d7200000)
  object space 84992K, 15% used [0x0000000085600000,0x00000000862cac30,0x000000008a900000)
 Metaspace       used 10166K, capacity 10313K, committed 10496K, reserved 1058816K
  class space    used 923K, capacity 971K, committed 1024K, reserved 1048576K
}
Event: 67,797 GC heap before
{Heap before GC invocations=72 (full 0):
 PSYoungGen      total 27648K, used 27259K [0x00000000d7200000, 0x00000000d9100000, 0x0000000100000000)
  eden space 23552K, 100% used [0x00000000d7200000,0x00000000d8900000,0x00000000d8900000)
  from space 4096K, 90% used [0x00000000d8900000,0x00000000d8c9ec30,0x00000000d8d00000)
  to   space 4096K, 0% used [0x00000000d8d00000,0x00000000d8d00000,0x00000000d9100000)
 ParOldGen       total 84992K, used 13099K [0x0000000085600000, 0x000000008a900000, 0x00000000d7200000)
  object space 84992K, 15% used [0x0000000085600000,0x00000000862cac30,0x000000008a900000)
 Metaspace       used 10166K, capacity 10313K, committed 10496K, reserved 1058816K
  class space    used 923K, capacity 971K, committed 1024K, reserved 1048576K
Event: 67,800 GC heap after
Heap after GC invocations=72 (full 0):
 PSYoungGen      total 27648K, used 3653K [0x00000000d7200000, 0x00000000d9100000, 0x0000000100000000)
  eden space 23552K, 0% used [0x00000000d7200000,0x00000000d7200000,0x00000000d8900000)
  from space 4096K, 89% used [0x00000000d8d00000,0x00000000d90916e8,0x00000000d9100000)
  to   space 4096K, 0% used [0x00000000d8900000,0x00000000d8900000,0x00000000d8d00000)
 ParOldGen       total 84992K, used 13144K [0x0000000085600000, 0x000000008a900000, 0x00000000d7200000)
  object space 84992K, 15% used [0x0000000085600000,0x00000000862d6138,0x000000008a900000)
 Metaspace       used 10166K, capacity 10313K, committed 10496K, reserved 1058816K
  class space    used 923K, capacity 971K, committed 1024K, reserved 1048576K
}
Event: 86,447 GC heap before
{Heap before GC invocations=73 (full 0):
 PSYoungGen      total 27648K, used 27205K [0x00000000d7200000, 0x00000000d9100000, 0x0000000100000000)
  eden space 23552K, 100% used [0x00000000d7200000,0x00000000d8900000,0x00000000d8900000)
  from space 4096K, 89% used [0x00000000d8d00000,0x00000000d90916e8,0x00000000d9100000)
  to   space 4096K, 0% used [0x00000000d8900000,0x00000000d8900000,0x00000000d8d00000)
 ParOldGen       total 84992K, used 13144K [0x0000000085600000, 0x000000008a900000, 0x00000000d7200000)
  object space 84992K, 15% used [0x0000000085600000,0x00000000862d6138,0x000000008a900000)
 Metaspace       used 10637K, capacity 10825K, committed 11136K, reserved 1058816K
  class space    used 969K, capacity 1035K, committed 1152K, reserved 1048576K
Event: 86,450 GC heap after
Heap after GC invocations=73 (full 0):
 PSYoungGen      total 27648K, used 668K [0x00000000d7200000, 0x00000000d9200000, 0x0000000100000000)
  eden space 23552K, 0% used [0x00000000d7200000,0x00000000d7200000,0x00000000d8900000)
  from space 4096K, 16% used [0x00000000d8900000,0x00000000d89a7190,0x00000000d8d00000)
  to   space 4608K, 0% used [0x00000000d8d80000,0x00000000d8d80000,0x00000000d9200000)
 ParOldGen       total 84992K, used 13173K [0x0000000085600000, 0x000000008a900000, 0x00000000d7200000)
  object space 84992K, 15% used [0x0000000085600000,0x00000000862dd640,0x000000008a900000)
 Metaspace       used 10637K, capacity 10825K, committed 11136K, reserved 1058816K
  class space    used 969K, capacity 1035K, committed 1152K, reserved 1048576K
}

